This file contains any messages produced by compilers while
running configure, to aid debugging if configure makes a mistake.

It was created by configure, which was
generated by GNU Autoconf 2.59.  Invocation command line was

  $ ./configure 

## --------- ##
## Platform. ##
## --------- ##

hostname = faenix
uname -m = i686
uname -r = 2.6.9
uname -s = Linux
uname -v = #2 Sat Nov 20 12:04:42 EST 2004

/usr/bin/uname -p = Intel(R) Celeron(R) CPU 1.70GHz
/bin/uname -X     = unknown

/bin/arch              = i686
/usr/bin/arch -k       = unknown
/usr/convex/getsysinfo = unknown
hostinfo               = unknown
/bin/machine           = unknown
/usr/bin/oslevel       = unknown
/bin/universe          = unknown

PATH: /usr/local/bin
PATH: /usr/bin
PATH: /bin
PATH: /opt/bin
PATH: /usr/i686-pc-linux-gnu/gcc-bin/4.0.2
PATH: /usr/X11R6/bin
PATH: /opt/blackdown-jdk-1.4.2.02/bin
PATH: /opt/blackdown-jdk-1.4.2.02/jre/bin
PATH: /usr/qt/3/bin
PATH: /usr/kde/3.4/bin
PATH: /usr/games/bin


## ----------- ##
## Core tests. ##
## ----------- ##

configure:1317: checking whether to enable Reality Levels
configure:1337: result: no
configure:1346: checking whether to enable WOD Realms
configure:1363: result: no
configure:1369: checking whether to enable Memory-Based Database
configure:1386: result: no
configure:1392: checking whether to enable Query Slave
configure:1409: result: no
configure:1446: checking build system type
configure:1464: result: i686-pc-linux-gnu
configure:1472: checking host system type
configure:1486: result: i686-pc-linux-gnu
configure:1540: checking for gcc
configure:1556: found /usr/bin/gcc
configure:1566: result: gcc
configure:1810: checking for C compiler version
configure:1813: gcc --version </dev/null >&5
gcc (GCC) 4.0.2 (Gentoo 4.0.2-r1, pie-8.7.8)
Copyright (C) 2005 Free Software Foundation, Inc.
This is free software; see the source for copying conditions.  There is NO
warranty; not even for MERCHANTABILITY or FITNESS FOR A PARTICULAR PURPOSE.

configure:1816: $? = 0
configure:1818: gcc -v </dev/null >&5
Using built-in specs.
Target: i686-pc-linux-gnu
Configured with: /var/tmp/portage/gcc-4.0.2-r1/work/gcc-4.0.2/configure --prefix=/usr --bindir=/usr/i686-pc-linux-gnu/gcc-bin/4.0.2 --includedir=/usr/lib/gcc/i686-pc-linux-gnu/4.0.2/include --datadir=/usr/share/gcc-data/i686-pc-linux-gnu/4.0.2 --mandir=/usr/share/gcc-data/i686-pc-linux-gnu/4.0.2/man --infodir=/usr/share/gcc-data/i686-pc-linux-gnu/4.0.2/info --with-gxx-include-dir=/usr/lib/gcc/i686-pc-linux-gnu/4.0.2/include/g++-v4 --host=i686-pc-linux-gnu --build=i686-pc-linux-gnu --disable-altivec --enable-nls --without-included-gettext --with-system-zlib --disable-checking --disable-werror --disable-libunwind-exceptions --disable-multilib --enable-java-awt=gtk --enable-languages=c,c++,objc,java,f95 --enable-shared --enable-threads=posix --enable-__cxa_atexit --enable-clocale=gnu
Thread model: posix
gcc version 4.0.2 (Gentoo 4.0.2-r1, pie-8.7.8)
configure:1821: $? = 0
configure:1823: gcc -V </dev/null >&5
gcc: '-V' option must have argument
configure:1826: $? = 1
configure:1849: checking for C compiler default output file name
configure:1852: gcc    conftest.c  >&5
configure:1855: $? = 0
configure:1901: result: a.out
configure:1906: checking whether the C compiler works
configure:1912: ./a.out
configure:1915: $? = 0
configure:1932: result: yes
configure:1939: checking whether we are cross compiling
configure:1941: result: no
configure:1944: checking for suffix of executables
configure:1946: gcc -o conftest    conftest.c  >&5
configure:1949: $? = 0
configure:1974: result: 
configure:1980: checking for suffix of object files
configure:2001: gcc -c   conftest.c >&5
configure:2004: $? = 0
configure:2026: result: o
configure:2030: checking whether we are using the GNU C compiler
configure:2054: gcc -c   conftest.c >&5
configure:2060: $? = 0
configure:2064: test -z 
			 || test ! -s conftest.err
configure:2067: $? = 0
configure:2070: test -s conftest.o
configure:2073: $? = 0
configure:2086: result: yes
configure:2092: checking whether gcc accepts -g
configure:2113: gcc -c -g  conftest.c >&5
configure:2119: $? = 0
configure:2123: test -z 
			 || test ! -s conftest.err
configure:2126: $? = 0
configure:2129: test -s conftest.o
configure:2132: $? = 0
configure:2143: result: yes
configure:2160: checking for gcc option to accept ANSI C
configure:2230: gcc  -c -g -O2  conftest.c >&5
configure:2236: $? = 0
configure:2240: test -z 
			 || test ! -s conftest.err
configure:2243: $? = 0
configure:2246: test -s conftest.o
configure:2249: $? = 0
configure:2267: result: none needed
configure:2285: gcc -c -g -O2  conftest.c >&5
conftest.c:2: error: syntax error before 'me'
configure:2291: $? = 1
configure: failed program was:
| #ifndef __cplusplus
|   choke me
| #endif
configure:2476: checking for g++
configure:2492: found /usr/bin/g++
configure:2502: result: g++
configure:2518: checking for C++ compiler version
configure:2521: g++ --version </dev/null >&5
g++ (GCC) 4.0.2 (Gentoo 4.0.2-r1, pie-8.7.8)
Copyright (C) 2005 Free Software Foundation, Inc.
This is free software; see the source for copying conditions.  There is NO
warranty; not even for MERCHANTABILITY or FITNESS FOR A PARTICULAR PURPOSE.

configure:2524: $? = 0
configure:2526: g++ -v </dev/null >&5
Using built-in specs.
Target: i686-pc-linux-gnu
Configured with: /var/tmp/portage/gcc-4.0.2-r1/work/gcc-4.0.2/configure --prefix=/usr --bindir=/usr/i686-pc-linux-gnu/gcc-bin/4.0.2 --includedir=/usr/lib/gcc/i686-pc-linux-gnu/4.0.2/include --datadir=/usr/share/gcc-data/i686-pc-linux-gnu/4.0.2 --mandir=/usr/share/gcc-data/i686-pc-linux-gnu/4.0.2/man --infodir=/usr/share/gcc-data/i686-pc-linux-gnu/4.0.2/info --with-gxx-include-dir=/usr/lib/gcc/i686-pc-linux-gnu/4.0.2/include/g++-v4 --host=i686-pc-linux-gnu --build=i686-pc-linux-gnu --disable-altivec --enable-nls --without-included-gettext --with-system-zlib --disable-checking --disable-werror --disable-libunwind-exceptions --disable-multilib --enable-java-awt=gtk --enable-languages=c,c++,objc,java,f95 --enable-shared --enable-threads=posix --enable-__cxa_atexit --enable-clocale=gnu
Thread model: posix
gcc version 4.0.2 (Gentoo 4.0.2-r1, pie-8.7.8)
configure:2529: $? = 0
configure:2531: g++ -V </dev/null >&5
g++: '-V' option must have argument
configure:2534: $? = 1
configure:2537: checking whether we are using the GNU C++ compiler
configure:2561: g++ -c   conftest.cc >&5
configure:2567: $? = 0
configure:2571: test -z 
			 || test ! -s conftest.err
configure:2574: $? = 0
configure:2577: test -s conftest.o
configure:2580: $? = 0
configure:2593: result: yes
configure:2599: checking whether g++ accepts -g
configure:2620: g++ -c -g  conftest.cc >&5
configure:2626: $? = 0
configure:2630: test -z 
			 || test ! -s conftest.err
configure:2633: $? = 0
configure:2636: test -s conftest.o
configure:2639: $? = 0
configure:2650: result: yes
configure:2692: g++ -c -g -O2  conftest.cc >&5
configure:2698: $? = 0
configure:2702: test -z 
			 || test ! -s conftest.err
configure:2705: $? = 0
configure:2708: test -s conftest.o
configure:2711: $? = 0
configure:2737: g++ -c -g -O2  conftest.cc >&5
conftest.cc: In function 'int main()':
conftest.cc:13: error: 'exit' was not declared in this scope
configure:2743: $? = 1
configure: failed program was:
| /* confdefs.h.  */
| 
| #define PACKAGE_NAME ""
| #define PACKAGE_TARNAME ""
| #define PACKAGE_VERSION ""
| #define PACKAGE_STRING ""
| #define PACKAGE_BUGREPORT ""
| /* end confdefs.h.  */
| 
| int
| main ()
| {
| exit (42);
|   ;
|   return 0;
| }
configure:2692: g++ -c -g -O2  conftest.cc >&5
configure:2698: $? = 0
configure:2702: test -z 
			 || test ! -s conftest.err
configure:2705: $? = 0
configure:2708: test -s conftest.o
configure:2711: $? = 0
configure:2737: g++ -c -g -O2  conftest.cc >&5
configure:2743: $? = 0
configure:2747: test -z 
			 || test ! -s conftest.err
configure:2750: $? = 0
configure:2753: test -s conftest.o
configure:2756: $? = 0
configure:2784: checking how to run the C++ preprocessor
configure:2815: g++ -E  conftest.cc
configure:2821: $? = 0
configure:2853: g++ -E  conftest.cc
conftest.cc:12:28: error: ac_nonexistent.h: No such file or directory
configure:2859: $? = 1
configure: failed program was:
| /* confdefs.h.  */
| 
| #define PACKAGE_NAME ""
| #define PACKAGE_TARNAME ""
| #define PACKAGE_VERSION ""
| #define PACKAGE_STRING ""
| #define PACKAGE_BUGREPORT ""
| #ifdef __cplusplus
| extern "C" void std::exit (int) throw (); using std::exit;
| #endif
| /* end confdefs.h.  */
| #include <ac_nonexistent.h>
configure:2898: result: g++ -E
configure:2922: g++ -E  conftest.cc
configure:2928: $? = 0
configure:2960: g++ -E  conftest.cc
conftest.cc:12:28: error: ac_nonexistent.h: No such file or directory
configure:2966: $? = 1
configure: failed program was:
| /* confdefs.h.  */
| 
| #define PACKAGE_NAME ""
| #define PACKAGE_TARNAME ""
| #define PACKAGE_VERSION ""
| #define PACKAGE_STRING ""
| #define PACKAGE_BUGREPORT ""
| #ifdef __cplusplus
| extern "C" void std::exit (int) throw (); using std::exit;
| #endif
| /* end confdefs.h.  */
| #include <ac_nonexistent.h>
configure:3014: checking how to run the C preprocessor
configure:3049: gcc -E  conftest.c
configure:3055: $? = 0
configure:3087: gcc -E  conftest.c
conftest.c:12:28: error: ac_nonexistent.h: No such file or directory
configure:3093: $? = 1
configure: failed program was:
| /* confdefs.h.  */
| 
| #define PACKAGE_NAME ""
| #define PACKAGE_TARNAME ""
| #define PACKAGE_VERSION ""
| #define PACKAGE_STRING ""
| #define PACKAGE_BUGREPORT ""
| #ifdef __cplusplus
| extern "C" void std::exit (int) throw (); using std::exit;
| #endif
| /* end confdefs.h.  */
| #include <ac_nonexistent.h>
configure:3132: result: gcc -E
configure:3156: gcc -E  conftest.c
configure:3162: $? = 0
configure:3194: gcc -E  conftest.c
conftest.c:12:28: error: ac_nonexistent.h: No such file or directory
configure:3200: $? = 1
configure: failed program was:
| /* confdefs.h.  */
| 
| #define PACKAGE_NAME ""
| #define PACKAGE_TARNAME ""
| #define PACKAGE_VERSION ""
| #define PACKAGE_STRING ""
| #define PACKAGE_BUGREPORT ""
| #ifdef __cplusplus
| extern "C" void std::exit (int) throw (); using std::exit;
| #endif
| /* end confdefs.h.  */
| #include <ac_nonexistent.h>
configure:3247: checking for library containing strerror
configure:3277: gcc -o conftest -g -O2   conftest.c  >&5
configure:3283: $? = 0
configure:3287: test -z 
			 || test ! -s conftest.err
configure:3290: $? = 0
configure:3293: test -s conftest
configure:3296: $? = 0
configure:3366: result: none required
configure:3374: checking for egrep
configure:3384: result: grep -E
configure:3390: checking for AIX
configure:3412: result: no
configure:3418: checking for ANSI C header files
configure:3443: gcc -c -g -O2  conftest.c >&5
configure:3449: $? = 0
configure:3453: test -z 
			 || test ! -s conftest.err
configure:3456: $? = 0
configure:3459: test -s conftest.o
configure:3462: $? = 0
configure:3551: gcc -o conftest -g -O2   conftest.c  >&5
conftest.c: In function 'main':
conftest.c:29: warning: incompatible implicit declaration of built-in function 'exit'
configure:3554: $? = 0
configure:3556: ./conftest
configure:3559: $? = 0
configure:3574: result: yes
configure:3598: checking for sys/types.h
configure:3614: gcc -c -g -O2  conftest.c >&5
configure:3620: $? = 0
configure:3624: test -z 
			 || test ! -s conftest.err
configure:3627: $? = 0
configure:3630: test -s conftest.o
configure:3633: $? = 0
configure:3644: result: yes
configure:3598: checking for sys/stat.h
configure:3614: gcc -c -g -O2  conftest.c >&5
configure:3620: $? = 0
configure:3624: test -z 
			 || test ! -s conftest.err
configure:3627: $? = 0
configure:3630: test -s conftest.o
configure:3633: $? = 0
configure:3644: result: yes
configure:3598: checking for stdlib.h
configure:3614: gcc -c -g -O2  conftest.c >&5
configure:3620: $? = 0
configure:3624: test -z 
			 || test ! -s conftest.err
configure:3627: $? = 0
configure:3630: test -s conftest.o
configure:3633: $? = 0
configure:3644: result: yes
configure:3598: checking for string.h
configure:3614: gcc -c -g -O2  conftest.c >&5
configure:3620: $? = 0
configure:3624: test -z 
			 || test ! -s conftest.err
configure:3627: $? = 0
configure:3630: test -s conftest.o
configure:3633: $? = 0
configure:3644: result: yes
configure:3598: checking for memory.h
configure:3614: gcc -c -g -O2  conftest.c >&5
configure:3620: $? = 0
configure:3624: test -z 
			 || test ! -s conftest.err
configure:3627: $? = 0
configure:3630: test -s conftest.o
configure:3633: $? = 0
configure:3644: result: yes
configure:3598: checking for strings.h
configure:3614: gcc -c -g -O2  conftest.c >&5
configure:3620: $? = 0
configure:3624: test -z 
			 || test ! -s conftest.err
configure:3627: $? = 0
configure:3630: test -s conftest.o
configure:3633: $? = 0
configure:3644: result: yes
configure:3598: checking for inttypes.h
configure:3614: gcc -c -g -O2  conftest.c >&5
configure:3620: $? = 0
configure:3624: test -z 
			 || test ! -s conftest.err
configure:3627: $? = 0
configure:3630: test -s conftest.o
configure:3633: $? = 0
configure:3644: result: yes
configure:3598: checking for stdint.h
configure:3614: gcc -c -g -O2  conftest.c >&5
configure:3620: $? = 0
configure:3624: test -z 
			 || test ! -s conftest.err
configure:3627: $? = 0
configure:3630: test -s conftest.o
configure:3633: $? = 0
configure:3644: result: yes
configure:3598: checking for unistd.h
configure:3614: gcc -c -g -O2  conftest.c >&5
configure:3620: $? = 0
configure:3624: test -z 
			 || test ! -s conftest.err
configure:3627: $? = 0
configure:3630: test -s conftest.o
configure:3633: $? = 0
configure:3644: result: yes
configure:3666: checking minix/config.h usability
configure:3678: gcc -c -g -O2  conftest.c >&5
conftest.c:56:26: error: minix/config.h: No such file or directory
configure:3684: $? = 1
configure: failed program was:
| /* confdefs.h.  */
| 
| #define PACKAGE_NAME ""
| #define PACKAGE_TARNAME ""
| #define PACKAGE_VERSION ""
| #define PACKAGE_STRING ""
| #define PACKAGE_BUGREPORT ""
| #ifdef __cplusplus
| extern "C" void std::exit (int) throw (); using std::exit;
| #endif
| #define STDC_HEADERS 1
| #define HAVE_SYS_TYPES_H 1
| #define HAVE_SYS_STAT_H 1
| #define HAVE_STDLIB_H 1
| #define HAVE_STRING_H 1
| #define HAVE_MEMORY_H 1
| #define HAVE_STRINGS_H 1
| #define HAVE_INTTYPES_H 1
| #define HAVE_STDINT_H 1
| #define HAVE_UNISTD_H 1
| /* end confdefs.h.  */
| #include <stdio.h>
| #if HAVE_SYS_TYPES_H
| # include <sys/types.h>
| #endif
| #if HAVE_SYS_STAT_H
| # include <sys/stat.h>
| #endif
| #if STDC_HEADERS
| # include <stdlib.h>
| # include <stddef.h>
| #else
| # if HAVE_STDLIB_H
| #  include <stdlib.h>
| # endif
| #endif
| #if HAVE_STRING_H
| # if !STDC_HEADERS && HAVE_MEMORY_H
| #  include <memory.h>
| # endif
| # include <string.h>
| #endif
| #if HAVE_STRINGS_H
| # include <strings.h>
| #endif
| #if HAVE_INTTYPES_H
| # include <inttypes.h>
| #else
| # if HAVE_STDINT_H
| #  include <stdint.h>
| # endif
| #endif
| #if HAVE_UNISTD_H
| # include <unistd.h>
| #endif
| #include <minix/config.h>
configure:3707: result: no
configure:3711: checking minix/config.h presence
configure:3721: gcc -E  conftest.c
conftest.c:22:26: error: minix/config.h: No such file or directory
configure:3727: $? = 1
configure: failed program was:
| /* confdefs.h.  */
| 
| #define PACKAGE_NAME ""
| #define PACKAGE_TARNAME ""
| #define PACKAGE_VERSION ""
| #define PACKAGE_STRING ""
| #define PACKAGE_BUGREPORT ""
| #ifdef __cplusplus
| extern "C" void std::exit (int) throw (); using std::exit;
| #endif
| #define STDC_HEADERS 1
| #define HAVE_SYS_TYPES_H 1
| #define HAVE_SYS_STAT_H 1
| #define HAVE_STDLIB_H 1
| #define HAVE_STRING_H 1
| #define HAVE_MEMORY_H 1
| #define HAVE_STRINGS_H 1
| #define HAVE_INTTYPES_H 1
| #define HAVE_STDINT_H 1
| #define HAVE_UNISTD_H 1
| /* end confdefs.h.  */
| #include <minix/config.h>
configure:3747: result: no
configure:3782: checking for minix/config.h
configure:3789: result: no
configure:3826: checking for dirent.h that defines DIR
configure:3850: gcc -c -g -O2  conftest.c >&5
configure:3856: $? = 0
configure:3860: test -z 
			 || test ! -s conftest.err
configure:3863: $? = 0
configure:3866: test -s conftest.o
configure:3869: $? = 0
configure:3880: result: yes
configure:3893: checking for library containing opendir
configure:3923: gcc -o conftest -g -O2   conftest.c  >&5
configure:3929: $? = 0
configure:3933: test -z 
			 || test ! -s conftest.err
configure:3936: $? = 0
configure:3939: test -s conftest
configure:3942: $? = 0
configure:4012: result: none required
configure:4148: checking for ANSI C header files
configure:4304: result: yes
configure:4314: checking whether time.h and sys/time.h may both be included
configure:4339: gcc -c -g -O2  conftest.c >&5
configure:4345: $? = 0
configure:4349: test -z 
			 || test ! -s conftest.err
configure:4352: $? = 0
configure:4355: test -s conftest.o
configure:4358: $? = 0
configure:4369: result: yes
configure:4389: checking for unistd.h
configure:4394: result: yes
configure:4389: checking for memory.h
configure:4394: result: yes
configure:4389: checking for string.h
configure:4394: result: yes
configure:4398: checking errno.h usability
configure:4410: gcc -c -g -O2  conftest.c >&5
configure:4416: $? = 0
configure:4420: test -z 
			 || test ! -s conftest.err
configure:4423: $? = 0
configure:4426: test -s conftest.o
configure:4429: $? = 0
configure:4439: result: yes
configure:4443: checking errno.h presence
configure:4453: gcc -E  conftest.c
configure:4459: $? = 0
configure:4479: result: yes
configure:4514: checking for errno.h
configure:4521: result: yes
configure:4398: checking malloc.h usability
configure:4410: gcc -c -g -O2  conftest.c >&5
configure:4416: $? = 0
configure:4420: test -z 
			 || test ! -s conftest.err
configure:4423: $? = 0
configure:4426: test -s conftest.o
configure:4429: $? = 0
configure:4439: result: yes
configure:4443: checking malloc.h presence
configure:4453: gcc -E  conftest.c
configure:4459: $? = 0
configure:4479: result: yes
configure:4514: checking for malloc.h
configure:4521: result: yes
configure:4398: checking sys/select.h usability
configure:4410: gcc -c -g -O2  conftest.c >&5
configure:4416: $? = 0
configure:4420: test -z 
			 || test ! -s conftest.err
configure:4423: $? = 0
configure:4426: test -s conftest.o
configure:4429: $? = 0
configure:4439: result: yes
configure:4443: checking sys/select.h presence
configure:4453: gcc -E  conftest.c
configure:4459: $? = 0
configure:4479: result: yes
configure:4514: checking for sys/select.h
configure:4521: result: yes
configure:4553: checking fcntl.h usability
configure:4565: gcc -c -g -O2  conftest.c >&5
configure:4571: $? = 0
configure:4575: test -z 
			 || test ! -s conftest.err
configure:4578: $? = 0
configure:4581: test -s conftest.o
configure:4584: $? = 0
configure:4594: result: yes
configure:4598: checking fcntl.h presence
configure:4608: gcc -E  conftest.c
configure:4614: $? = 0
configure:4634: result: yes
configure:4669: checking for fcntl.h
configure:4676: result: yes
configure:4553: checking limits.h usability
configure:4565: gcc -c -g -O2  conftest.c >&5
configure:4571: $? = 0
configure:4575: test -z 
			 || test ! -s conftest.err
configure:4578: $? = 0
configure:4581: test -s conftest.o
configure:4584: $? = 0
configure:4594: result: yes
configure:4598: checking limits.h presence
configure:4608: gcc -E  conftest.c
configure:4614: $? = 0
configure:4634: result: yes
configure:4669: checking for limits.h
configure:4676: result: yes
configure:4553: checking sys/file.h usability
configure:4565: gcc -c -g -O2  conftest.c >&5
configure:4571: $? = 0
configure:4575: test -z 
			 || test ! -s conftest.err
configure:4578: $? = 0
configure:4581: test -s conftest.o
configure:4584: $? = 0
configure:4594: result: yes
configure:4598: checking sys/file.h presence
configure:4608: gcc -E  conftest.c
configure:4614: $? = 0
configure:4634: result: yes
configure:4669: checking for sys/file.h
configure:4676: result: yes
configure:4553: checking sys/ioctl.h usability
configure:4565: gcc -c -g -O2  conftest.c >&5
configure:4571: $? = 0
configure:4575: test -z 
			 || test ! -s conftest.err
configure:4578: $? = 0
configure:4581: test -s conftest.o
configure:4584: $? = 0
configure:4594: result: yes
configure:4598: checking sys/ioctl.h presence
configure:4608: gcc -E  conftest.c
configure:4614: $? = 0
configure:4634: result: yes
configure:4669: checking for sys/ioctl.h
configure:4676: result: yes
configure:4553: checking sys/time.h usability
configure:4565: gcc -c -g -O2  conftest.c >&5
configure:4571: $? = 0
configure:4575: test -z 
			 || test ! -s conftest.err
configure:4578: $? = 0
configure:4581: test -s conftest.o
configure:4584: $? = 0
configure:4594: result: yes
configure:4598: checking sys/time.h presence
configure:4608: gcc -E  conftest.c
configure:4614: $? = 0
configure:4634: result: yes
configure:4669: checking for sys/time.h
configure:4676: result: yes
configure:4544: checking for sys/stat.h
configure:4549: result: yes
configure:4705: checking fpu_control.h usability
configure:4717: gcc -c -g -O2  conftest.c >&5
configure:4723: $? = 0
configure:4727: test -z 
			 || test ! -s conftest.err
configure:4730: $? = 0
configure:4733: test -s conftest.o
configure:4736: $? = 0
configure:4746: result: yes
configure:4750: checking fpu_control.h presence
configure:4760: gcc -E  conftest.c
configure:4766: $? = 0
configure:4786: result: yes
configure:4821: checking for fpu_control.h
configure:4828: result: yes
configure:4705: checking ieeefp.h usability
configure:4717: gcc -c -g -O2  conftest.c >&5
conftest.c:72:20: error: ieeefp.h: No such file or directory
configure:4723: $? = 1
configure: failed program was:
| /* confdefs.h.  */
| 
| #define PACKAGE_NAME ""
| #define PACKAGE_TARNAME ""
| #define PACKAGE_VERSION ""
| #define PACKAGE_STRING ""
| #define PACKAGE_BUGREPORT ""
| #ifdef __cplusplus
| extern "C" void std::exit (int) throw (); using std::exit;
| #endif
| #define STDC_HEADERS 1
| #define HAVE_SYS_TYPES_H 1
| #define HAVE_SYS_STAT_H 1
| #define HAVE_STDLIB_H 1
| #define HAVE_STRING_H 1
| #define HAVE_MEMORY_H 1
| #define HAVE_STRINGS_H 1
| #define HAVE_INTTYPES_H 1
| #define HAVE_STDINT_H 1
| #define HAVE_UNISTD_H 1
| #define HAVE_DIRENT_H 1
| #define STDC_HEADERS 1
| #define TIME_WITH_SYS_TIME 1
| #define HAVE_UNISTD_H 1
| #define HAVE_MEMORY_H 1
| #define HAVE_STRING_H 1
| #define HAVE_ERRNO_H 1
| #define HAVE_MALLOC_H 1
| #define HAVE_SYS_SELECT_H 1
| #define HAVE_FCNTL_H 1
| #define HAVE_LIMITS_H 1
| #define HAVE_SYS_FILE_H 1
| #define HAVE_SYS_IOCTL_H 1
| #define HAVE_SYS_TIME_H 1
| #define HAVE_SYS_STAT_H 1
| #define HAVE_FPU_CONTROL_H 1
| /* end confdefs.h.  */
| #include <stdio.h>
| #if HAVE_SYS_TYPES_H
| # include <sys/types.h>
| #endif
| #if HAVE_SYS_STAT_H
| # include <sys/stat.h>
| #endif
| #if STDC_HEADERS
| # include <stdlib.h>
| # include <stddef.h>
| #else
| # if HAVE_STDLIB_H
| #  include <stdlib.h>
| # endif
| #endif
| #if HAVE_STRING_H
| # if !STDC_HEADERS && HAVE_MEMORY_H
| #  include <memory.h>
| # endif
| # include <string.h>
| #endif
| #if HAVE_STRINGS_H
| # include <strings.h>
| #endif
| #if HAVE_INTTYPES_H
| # include <inttypes.h>
| #else
| # if HAVE_STDINT_H
| #  include <stdint.h>
| # endif
| #endif
| #if HAVE_UNISTD_H
| # include <unistd.h>
| #endif
| #include <ieeefp.h>
configure:4746: result: no
configure:4750: checking ieeefp.h presence
configure:4760: gcc -E  conftest.c
conftest.c:38:20: error: ieeefp.h: No such file or directory
configure:4766: $? = 1
configure: failed program was:
| /* confdefs.h.  */
| 
| #define PACKAGE_NAME ""
| #define PACKAGE_TARNAME ""
| #define PACKAGE_VERSION ""
| #define PACKAGE_STRING ""
| #define PACKAGE_BUGREPORT ""
| #ifdef __cplusplus
| extern "C" void std::exit (int) throw (); using std::exit;
| #endif
| #define STDC_HEADERS 1
| #define HAVE_SYS_TYPES_H 1
| #define HAVE_SYS_STAT_H 1
| #define HAVE_STDLIB_H 1
| #define HAVE_STRING_H 1
| #define HAVE_MEMORY_H 1
| #define HAVE_STRINGS_H 1
| #define HAVE_INTTYPES_H 1
| #define HAVE_STDINT_H 1
| #define HAVE_UNISTD_H 1
| #define HAVE_DIRENT_H 1
| #define STDC_HEADERS 1
| #define TIME_WITH_SYS_TIME 1
| #define HAVE_UNISTD_H 1
| #define HAVE_MEMORY_H 1
| #define HAVE_STRING_H 1
| #define HAVE_ERRNO_H 1
| #define HAVE_MALLOC_H 1
| #define HAVE_SYS_SELECT_H 1
| #define HAVE_FCNTL_H 1
| #define HAVE_LIMITS_H 1
| #define HAVE_SYS_FILE_H 1
| #define HAVE_SYS_IOCTL_H 1
| #define HAVE_SYS_TIME_H 1
| #define HAVE_SYS_STAT_H 1
| #define HAVE_FPU_CONTROL_H 1
| /* end confdefs.h.  */
| #include <ieeefp.h>
configure:4786: result: no
configure:4821: checking for ieeefp.h
configure:4828: result: no
configure:4705: checking fenv.h usability
configure:4717: gcc -c -g -O2  conftest.c >&5
configure:4723: $? = 0
configure:4727: test -z 
			 || test ! -s conftest.err
configure:4730: $? = 0
configure:4733: test -s conftest.o
configure:4736: $? = 0
configure:4746: result: yes
configure:4750: checking fenv.h presence
configure:4760: gcc -E  conftest.c
configure:4766: $? = 0
configure:4786: result: yes
configure:4821: checking for fenv.h
configure:4828: result: yes
configure:4855: checking netinet/in.h usability
configure:4867: gcc -c -g -O2  conftest.c >&5
configure:4873: $? = 0
configure:4877: test -z 
			 || test ! -s conftest.err
configure:4880: $? = 0
configure:4883: test -s conftest.o
configure:4886: $? = 0
configure:4896: result: yes
configure:4900: checking netinet/in.h presence
configure:4910: gcc -E  conftest.c
configure:4916: $? = 0
configure:4936: result: yes
configure:4971: checking for netinet/in.h
configure:4978: result: yes
configure:4991: checking for sys_errlist decl...
configure:5037: checking for main in -lcrypt
configure:5061: gcc -o conftest -g -O2   conftest.c -lcrypt   >&5
configure:5067: $? = 0
configure:5071: test -z 
			 || test ! -s conftest.err
configure:5074: $? = 0
configure:5077: test -s conftest
configure:5080: $? = 0
configure:5093: result: yes
configure:5108: checking for strftime
configure:5165: gcc -o conftest -g -O2   conftest.c -lcrypt  >&5
conftest.c:65: warning: conflicting types for built-in function 'strftime'
configure:5171: $? = 0
configure:5175: test -z 
			 || test ! -s conftest.err
configure:5178: $? = 0
configure:5181: test -s conftest
configure:5184: $? = 0
configure:5196: result: yes
configure:5284: checking for vprintf
configure:5341: gcc -o conftest -g -O2   conftest.c -lcrypt  >&5
conftest.c:66: warning: conflicting types for built-in function 'vprintf'
configure:5347: $? = 0
configure:5351: test -z 
			 || test ! -s conftest.err
configure:5354: $? = 0
configure:5357: test -s conftest
configure:5360: $? = 0
configure:5372: result: yes
configure:5379: checking for _doprnt
configure:5436: gcc -o conftest -g -O2   conftest.c -lcrypt  >&5
/tmp/ccuFs7he.o: In function `main':
/home/nick/sandbox/TinyMUX24.22/mux/src/conftest.c:82: undefined reference to `_doprnt'
/tmp/ccuFs7he.o:(.data+0x0): undefined reference to `_doprnt'
collect2: ld returned 1 exit status
configure:5442: $? = 1
configure: failed program was:
| /* confdefs.h.  */
| 
| #define PACKAGE_NAME ""
| #define PACKAGE_TARNAME ""
| #define PACKAGE_VERSION ""
| #define PACKAGE_STRING ""
| #define PACKAGE_BUGREPORT ""
| #ifdef __cplusplus
| extern "C" void std::exit (int) throw (); using std::exit;
| #endif
| #define STDC_HEADERS 1
| #define HAVE_SYS_TYPES_H 1
| #define HAVE_SYS_STAT_H 1
| #define HAVE_STDLIB_H 1
| #define HAVE_STRING_H 1
| #define HAVE_MEMORY_H 1
| #define HAVE_STRINGS_H 1
| #define HAVE_INTTYPES_H 1
| #define HAVE_STDINT_H 1
| #define HAVE_UNISTD_H 1
| #define HAVE_DIRENT_H 1
| #define STDC_HEADERS 1
| #define TIME_WITH_SYS_TIME 1
| #define HAVE_UNISTD_H 1
| #define HAVE_MEMORY_H 1
| #define HAVE_STRING_H 1
| #define HAVE_ERRNO_H 1
| #define HAVE_MALLOC_H 1
| #define HAVE_SYS_SELECT_H 1
| #define HAVE_FCNTL_H 1
| #define HAVE_LIMITS_H 1
| #define HAVE_SYS_FILE_H 1
| #define HAVE_SYS_IOCTL_H 1
| #define HAVE_SYS_TIME_H 1
| #define HAVE_SYS_STAT_H 1
| #define HAVE_FPU_CONTROL_H 1
| #define HAVE_FENV_H 1
| #define HAVE_NETINET_IN_H 1
| #define HAVE_LIBCRYPT 1
| #define HAVE_STRFTIME 1
| #define HAVE_VPRINTF 1
| /* end confdefs.h.  */
| /* Define _doprnt to an innocuous variant, in case <limits.h> declares _doprnt.
|    For example, HP-UX 11i <limits.h> declares gettimeofday.  */
| #define _doprnt innocuous__doprnt
| 
| /* System header to define __stub macros and hopefully few prototypes,
|     which can conflict with char _doprnt (); below.
|     Prefer <limits.h> to <assert.h> if __STDC__ is defined, since
|     <limits.h> exists even on freestanding compilers.  */
| 
| #ifdef __STDC__
| # include <limits.h>
| #else
| # include <assert.h>
| #endif
| 
| #undef _doprnt
| 
| /* Override any gcc2 internal prototype to avoid an error.  */
| #ifdef __cplusplus
| extern "C"
| {
| #endif
| /* We use char because int might match the return type of a gcc2
|    builtin and then its argument prototype would still apply.  */
| char _doprnt ();
| /* The GNU C library defines this for functions which it implements
|     to always fail with ENOSYS.  Some functions are actually named
|     something starting with __ and the normal name is an alias.  */
| #if defined (__stub__doprnt) || defined (__stub____doprnt)
| choke me
| #else
| char (*f) () = _doprnt;
| #endif
| #ifdef __cplusplus
| }
| #endif
| 
| int
| main ()
| {
| return f != _doprnt;
|   ;
|   return 0;
| }
configure:5467: result: no
configure:5487: checking for setrlimit
configure:5544: gcc -o conftest -g -O2   conftest.c -lcrypt  >&5
configure:5550: $? = 0
configure:5554: test -z 
			 || test ! -s conftest.err
configure:5557: $? = 0
configure:5560: test -s conftest
configure:5563: $? = 0
configure:5575: result: yes
configure:5487: checking for getrusage
configure:5544: gcc -o conftest -g -O2   conftest.c -lcrypt  >&5
configure:5550: $? = 0
configure:5554: test -z 
			 || test ! -s conftest.err
configure:5557: $? = 0
configure:5560: test -s conftest
configure:5563: $? = 0
configure:5575: result: yes
configure:5487: checking for srandom
configure:5544: gcc -o conftest -g -O2   conftest.c -lcrypt  >&5
configure:5550: $? = 0
configure:5554: test -z 
			 || test ! -s conftest.err
configure:5557: $? = 0
configure:5560: test -s conftest
configure:5563: $? = 0
configure:5575: result: yes
configure:5591: checking for getdtablesize
configure:5648: gcc -o conftest -g -O2   conftest.c -lcrypt  >&5
configure:5654: $? = 0
configure:5658: test -z 
			 || test ! -s conftest.err
configure:5661: $? = 0
configure:5664: test -s conftest
configure:5667: $? = 0
configure:5679: result: yes
configure:5591: checking for socket
configure:5648: gcc -o conftest -g -O2   conftest.c -lcrypt  >&5
configure:5654: $? = 0
configure:5658: test -z 
			 || test ! -s conftest.err
configure:5661: $? = 0
configure:5664: test -s conftest
configure:5667: $? = 0
configure:5679: result: yes
configure:5591: checking for gethostbyaddr
configure:5648: gcc -o conftest -g -O2   conftest.c -lcrypt  >&5
configure:5654: $? = 0
configure:5658: test -z 
			 || test ! -s conftest.err
configure:5661: $? = 0
configure:5664: test -s conftest
configure:5667: $? = 0
configure:5679: result: yes
configure:5695: checking for gettimeofday
configure:5752: gcc -o conftest -g -O2   conftest.c -lcrypt  >&5
configure:5758: $? = 0
configure:5762: test -z 
			 || test ! -s conftest.err
configure:5765: $? = 0
configure:5768: test -s conftest
configure:5771: $? = 0
configure:5783: result: yes
configure:5695: checking for select
configure:5752: gcc -o conftest -g -O2   conftest.c -lcrypt  >&5
configure:5758: $? = 0
configure:5762: test -z 
			 || test ! -s conftest.err
configure:5765: $? = 0
configure:5768: test -s conftest
configure:5771: $? = 0
configure:5783: result: yes
configure:5695: checking for socket
configure:5783: result: yes
configure:5801: checking for getpagesize
configure:5858: gcc -o conftest -g -O2   conftest.c -lcrypt  >&5
configure:5864: $? = 0
configure:5868: test -z 
			 || test ! -s conftest.err
configure:5871: $? = 0
configure:5874: test -s conftest
configure:5877: $? = 0
configure:5889: result: yes
configure:5801: checking for usleep
configure:5858: gcc -o conftest -g -O2   conftest.c -lcrypt  >&5
configure:5864: $? = 0
configure:5868: test -z 
			 || test ! -s conftest.err
configure:5871: $? = 0
configure:5874: test -s conftest
configure:5877: $? = 0
configure:5889: result: yes
configure:5801: checking for nanosleep
configure:5858: gcc -o conftest -g -O2   conftest.c -lcrypt  >&5
configure:5864: $? = 0
configure:5868: test -z 
			 || test ! -s conftest.err
configure:5871: $? = 0
configure:5874: test -s conftest
configure:5877: $? = 0
configure:5889: result: yes
configure:5801: checking for setitimer
configure:5858: gcc -o conftest -g -O2   conftest.c -lcrypt  >&5
configure:5864: $? = 0
configure:5868: test -z 
			 || test ! -s conftest.err
configure:5871: $? = 0
configure:5874: test -s conftest
configure:5877: $? = 0
configure:5889: result: yes
configure:5801: checking for crypt
configure:5858: gcc -o conftest -g -O2   conftest.c -lcrypt  >&5
configure:5864: $? = 0
configure:5868: test -z 
			 || test ! -s conftest.err
configure:5871: $? = 0
configure:5874: test -s conftest
configure:5877: $? = 0
configure:5889: result: yes
configure:6015: checking for off_t
configure:6039: gcc -c -g -O2  conftest.c >&5
configure:6045: $? = 0
configure:6049: test -z 
			 || test ! -s conftest.err
configure:6052: $? = 0
configure:6055: test -s conftest.o
configure:6058: $? = 0
configure:6069: result: yes
configure:6081: checking for pid_t
configure:6105: gcc -c -g -O2  conftest.c >&5
configure:6111: $? = 0
configure:6115: test -z 
			 || test ! -s conftest.err
configure:6118: $? = 0
configure:6121: test -s conftest.o
configure:6124: $? = 0
configure:6135: result: yes
configure:6147: checking return type of signal handlers
configure:6178: gcc -c -g -O2  conftest.c >&5
configure:6184: $? = 0
configure:6188: test -z 
			 || test ! -s conftest.err
configure:6191: $? = 0
configure:6194: test -s conftest.o
configure:6197: $? = 0
configure:6208: result: void
configure:6232: gcc -c -g -O2  conftest.c >&5
configure:6238: $? = 0
configure:6242: test -z 
			 || test ! -s conftest.err
configure:6245: $? = 0
configure:6248: test -s conftest.o
configure:6251: $? = 0
configure:6263: checking for sys/wait.h that is POSIX.1 compatible
configure:6294: gcc -c -g -O2  conftest.c >&5
configure:6300: $? = 0
configure:6304: test -z 
			 || test ! -s conftest.err
configure:6307: $? = 0
configure:6310: test -s conftest.o
configure:6313: $? = 0
configure:6324: result: yes
configure:6334: checking whether struct tm is in sys/time.h or time.h
configure:6357: gcc -c -g -O2  conftest.c >&5
configure:6363: $? = 0
configure:6367: test -z 
			 || test ! -s conftest.err
configure:6370: $? = 0
configure:6373: test -s conftest.o
configure:6376: $? = 0
configure:6387: result: time.h
configure:6397: checking for struct tm.tm_zone
configure:6423: gcc -c -g -O2  conftest.c >&5
configure:6429: $? = 0
configure:6433: test -z 
			 || test ! -s conftest.err
configure:6436: $? = 0
configure:6439: test -s conftest.o
configure:6442: $? = 0
configure:6502: result: yes
configure:6587: checking for extended string dcls...
configure:6609: checking for malloc dcl...
configure:6659: checking for vsprintf dcl...
configure:6681: checking for sprintf dcl...
configure:6703: checking for extended stdio dcls...
configure:6723: checking for extended socket dcls...
configure:6743: checking for socklen_t dcls...
configure:6764: checking for gettimeofday dcl...
configure:6832: checking for signal SIGCHLD braindamage...
configure:6881: gcc -o conftest -g -O2   conftest.c -lcrypt  >&5
conftest.c: In function 'sighand':
conftest.c:80: warning: incompatible implicit declaration of built-in function 'exit'
conftest.c:81: warning: passing argument 2 of 'signal' from incompatible pointer type
conftest.c: In function 'main':
conftest.c:89: warning: passing argument 2 of 'signal' from incompatible pointer type
conftest.c:94: warning: incompatible implicit declaration of built-in function 'exit'
conftest.c:96: warning: incompatible implicit declaration of built-in function 'exit'
configure:6884: $? = 0
configure:6886: ./conftest
configure:6889: $? = 0
configure:6906: checking whether sys_siglist is declared
configure:6936: gcc -c -g -O2  conftest.c >&5
configure:6942: $? = 0
configure:6946: test -z 
			 || test ! -s conftest.err
configure:6949: $? = 0
configure:6952: test -s conftest.o
configure:6955: $? = 0
configure:6966: result: yes
configure:6985: checking for sys_signame decl
configure:7004: result: no
configure:7009: checking for IEEE floating-point format...
configure:7039: gcc -o conftest -g -O2   conftest.c -lcrypt  >&5
configure:7042: $? = 0
configure:7044: ./conftest
configure:7047: $? = 1
configure: program exited with status 1
configure: failed program was:
| /* confdefs.h.  */
| 
| #define PACKAGE_NAME ""
| #define PACKAGE_TARNAME ""
| #define PACKAGE_VERSION ""
| #define PACKAGE_STRING ""
| #define PACKAGE_BUGREPORT ""
| #ifdef __cplusplus
| extern "C" void std::exit (int) throw (); using std::exit;
| #endif
| #define STDC_HEADERS 1
| #define HAVE_SYS_TYPES_H 1
| #define HAVE_SYS_STAT_H 1
| #define HAVE_STDLIB_H 1
| #define HAVE_STRING_H 1
| #define HAVE_MEMORY_H 1
| #define HAVE_STRINGS_H 1
| #define HAVE_INTTYPES_H 1
| #define HAVE_STDINT_H 1
| #define HAVE_UNISTD_H 1
| #define HAVE_DIRENT_H 1
| #define STDC_HEADERS 1
| #define TIME_WITH_SYS_TIME 1
| #define HAVE_UNISTD_H 1
| #define HAVE_MEMORY_H 1
| #define HAVE_STRING_H 1
| #define HAVE_ERRNO_H 1
| #define HAVE_MALLOC_H 1
| #define HAVE_SYS_SELECT_H 1
| #define HAVE_FCNTL_H 1
| #define HAVE_LIMITS_H 1
| #define HAVE_SYS_FILE_H 1
| #define HAVE_SYS_IOCTL_H 1
| #define HAVE_SYS_TIME_H 1
| #define HAVE_SYS_STAT_H 1
| #define HAVE_FPU_CONTROL_H 1
| #define HAVE_FENV_H 1
| #define HAVE_NETINET_IN_H 1
| #define HAVE_LIBCRYPT 1
| #define HAVE_STRFTIME 1
| #define HAVE_VPRINTF 1
| #define HAVE_SETRLIMIT 1
| #define HAVE_GETRUSAGE 1
| #define HAVE_SRANDOM 1
| #define HAVE_GETDTABLESIZE 1
| #define HAVE_SOCKET 1
| #define HAVE_GETHOSTBYADDR 1
| #define HAVE_GETTIMEOFDAY 1
| #define HAVE_SELECT 1
| #define HAVE_SOCKET 1
| #define HAVE_GETPAGESIZE 1
| #define HAVE_USLEEP 1
| #define HAVE_NANOSLEEP 1
| #define HAVE_SETITIMER 1
| #define HAVE_CRYPT 1
| #define RETSIGTYPE void
| #define HAVE_STRUCT_SIGCONTEXT 1
| #define HAVE_SYS_WAIT_H 1
| #define HAVE_STRUCT_TM_TM_ZONE 1
| #define HAVE_TM_ZONE 1
| #define MALLOC_IN_STDLIB_H 1
| #define EXTENDED_STDIO_DCLS 1
| #define EXTENDED_SOCKET_DCLS 1
| #define SOCKLEN_T_DCL 1
| #define HAVE_DECL_SYS_SIGLIST 1
| /* end confdefs.h.  */
| 
| double rZero = 0.0;
| int main(int argc, char *argv[])
| {
|    double r = -1e-125;
|    long long i64;
|    *(double *)&i64 = r;
|    if (i64 == 0xA5FB13AC9AAF4C0Full)
|    {
|       return 0;
|    }
|    return 1;
| }
| 
configure:7066: checking for IEEE floating-point exception handling...
configure:7099: gcc -o conftest -g -O2   conftest.c -lcrypt  >&5
configure:7102: $? = 0
configure:7104: ./conftest
configure:7107: $? = 1
configure: program exited with status 1
configure: failed program was:
| /* confdefs.h.  */
| 
| #define PACKAGE_NAME ""
| #define PACKAGE_TARNAME ""
| #define PACKAGE_VERSION ""
| #define PACKAGE_STRING ""
| #define PACKAGE_BUGREPORT ""
| #ifdef __cplusplus
| extern "C" void std::exit (int) throw (); using std::exit;
| #endif
| #define STDC_HEADERS 1
| #define HAVE_SYS_TYPES_H 1
| #define HAVE_SYS_STAT_H 1
| #define HAVE_STDLIB_H 1
| #define HAVE_STRING_H 1
| #define HAVE_MEMORY_H 1
| #define HAVE_STRINGS_H 1
| #define HAVE_INTTYPES_H 1
| #define HAVE_STDINT_H 1
| #define HAVE_UNISTD_H 1
| #define HAVE_DIRENT_H 1
| #define STDC_HEADERS 1
| #define TIME_WITH_SYS_TIME 1
| #define HAVE_UNISTD_H 1
| #define HAVE_MEMORY_H 1
| #define HAVE_STRING_H 1
| #define HAVE_ERRNO_H 1
| #define HAVE_MALLOC_H 1
| #define HAVE_SYS_SELECT_H 1
| #define HAVE_FCNTL_H 1
| #define HAVE_LIMITS_H 1
| #define HAVE_SYS_FILE_H 1
| #define HAVE_SYS_IOCTL_H 1
| #define HAVE_SYS_TIME_H 1
| #define HAVE_SYS_STAT_H 1
| #define HAVE_FPU_CONTROL_H 1
| #define HAVE_FENV_H 1
| #define HAVE_NETINET_IN_H 1
| #define HAVE_LIBCRYPT 1
| #define HAVE_STRFTIME 1
| #define HAVE_VPRINTF 1
| #define HAVE_SETRLIMIT 1
| #define HAVE_GETRUSAGE 1
| #define HAVE_SRANDOM 1
| #define HAVE_GETDTABLESIZE 1
| #define HAVE_SOCKET 1
| #define HAVE_GETHOSTBYADDR 1
| #define HAVE_GETTIMEOFDAY 1
| #define HAVE_SELECT 1
| #define HAVE_SOCKET 1
| #define HAVE_GETPAGESIZE 1
| #define HAVE_USLEEP 1
| #define HAVE_NANOSLEEP 1
| #define HAVE_SETITIMER 1
| #define HAVE_CRYPT 1
| #define RETSIGTYPE void
| #define HAVE_STRUCT_SIGCONTEXT 1
| #define HAVE_SYS_WAIT_H 1
| #define HAVE_STRUCT_TM_TM_ZONE 1
| #define HAVE_TM_ZONE 1
| #define MALLOC_IN_STDLIB_H 1
| #define EXTENDED_STDIO_DCLS 1
| #define EXTENDED_SOCKET_DCLS 1
| #define SOCKLEN_T_DCL 1
| #define HAVE_DECL_SYS_SIGLIST 1
| #define NO_IEEE_FP_FORMAT 1
| /* end confdefs.h.  */
| 
| #include <signal.h>
| double rZero = 0.0;
| int main(int argc, char *argv[])
| {
|    double r;
|    long long i64;
|    signal(SIGFPE, SIG_IGN);
|    r = 1.0/rZero;
|    *(double *)&i64 = r;
|    if (i64 == 0x7FF0000000000000ull)
|    {
|       return 0;
|    }
|    return 1;
| }
| 
configure:7126: checking for how division/moduli of negative quotients are handled...
configure:7155: gcc -o conftest -g -O2   conftest.c -lcrypt  >&5
configure:7158: $? = 0
configure:7160: ./conftest
configure:7163: $? = 0
configure:7182: checking for getrusage dcl...
configure:7204: checking for getrlimit dcl...
configure:7226: checking for an ANSI C-conforming const
configure:7293: gcc -c -g -O2  conftest.c >&5
configure:7299: $? = 0
configure:7303: test -z 
			 || test ! -s conftest.err
configure:7306: $? = 0
configure:7309: test -s conftest.o
configure:7312: $? = 0
configure:7323: result: yes
configure:7333: checking for inline
configure:7354: gcc -c -g -O2  conftest.c >&5
configure:7360: $? = 0
configure:7364: test -z 
			 || test ! -s conftest.err
configure:7367: $? = 0
configure:7370: test -s conftest.o
configure:7373: $? = 0
configure:7385: result: inline
configure:7404: checking whether byte ordering is bigendian
configure:7431: gcc -c -g -O2  conftest.c >&5
configure:7437: $? = 0
configure:7441: test -z 
			 || test ! -s conftest.err
configure:7444: $? = 0
configure:7447: test -s conftest.o
configure:7450: $? = 0
configure:7474: gcc -c -g -O2  conftest.c >&5
conftest.c: In function 'main':
conftest.c:77: error: 'not' undeclared (first use in this function)
conftest.c:77: error: (Each undeclared identifier is reported only once
conftest.c:77: error: for each function it appears in.)
conftest.c:77: error: syntax error before 'big'
configure:7480: $? = 1
configure: failed program was:
| /* confdefs.h.  */
| 
| #define PACKAGE_NAME ""
| #define PACKAGE_TARNAME ""
| #define PACKAGE_VERSION ""
| #define PACKAGE_STRING ""
| #define PACKAGE_BUGREPORT ""
| #ifdef __cplusplus
| extern "C" void std::exit (int) throw (); using std::exit;
| #endif
| #define STDC_HEADERS 1
| #define HAVE_SYS_TYPES_H 1
| #define HAVE_SYS_STAT_H 1
| #define HAVE_STDLIB_H 1
| #define HAVE_STRING_H 1
| #define HAVE_MEMORY_H 1
| #define HAVE_STRINGS_H 1
| #define HAVE_INTTYPES_H 1
| #define HAVE_STDINT_H 1
| #define HAVE_UNISTD_H 1
| #define HAVE_DIRENT_H 1
| #define STDC_HEADERS 1
| #define TIME_WITH_SYS_TIME 1
| #define HAVE_UNISTD_H 1
| #define HAVE_MEMORY_H 1
| #define HAVE_STRING_H 1
| #define HAVE_ERRNO_H 1
| #define HAVE_MALLOC_H 1
| #define HAVE_SYS_SELECT_H 1
| #define HAVE_FCNTL_H 1
| #define HAVE_LIMITS_H 1
| #define HAVE_SYS_FILE_H 1
| #define HAVE_SYS_IOCTL_H 1
| #define HAVE_SYS_TIME_H 1
| #define HAVE_SYS_STAT_H 1
| #define HAVE_FPU_CONTROL_H 1
| #define HAVE_FENV_H 1
| #define HAVE_NETINET_IN_H 1
| #define HAVE_LIBCRYPT 1
| #define HAVE_STRFTIME 1
| #define HAVE_VPRINTF 1
| #define HAVE_SETRLIMIT 1
| #define HAVE_GETRUSAGE 1
| #define HAVE_SRANDOM 1
| #define HAVE_GETDTABLESIZE 1
| #define HAVE_SOCKET 1
| #define HAVE_GETHOSTBYADDR 1
| #define HAVE_GETTIMEOFDAY 1
| #define HAVE_SELECT 1
| #define HAVE_SOCKET 1
| #define HAVE_GETPAGESIZE 1
| #define HAVE_USLEEP 1
| #define HAVE_NANOSLEEP 1
| #define HAVE_SETITIMER 1
| #define HAVE_CRYPT 1
| #define RETSIGTYPE void
| #define HAVE_STRUCT_SIGCONTEXT 1
| #define HAVE_SYS_WAIT_H 1
| #define HAVE_STRUCT_TM_TM_ZONE 1
| #define HAVE_TM_ZONE 1
| #define MALLOC_IN_STDLIB_H 1
| #define EXTENDED_STDIO_DCLS 1
| #define EXTENDED_SOCKET_DCLS 1
| #define SOCKLEN_T_DCL 1
| #define HAVE_DECL_SYS_SIGLIST 1
| #define NO_IEEE_FP_FORMAT 1
| #define NO_IEEE_FP_SNAN 1
| #define SMALLEST_INT_GTE_NEG_QUOTIENT 1
| /* end confdefs.h.  */
| #include <sys/types.h>
| #include <sys/param.h>
| 
| int
| main ()
| {
| #if BYTE_ORDER != BIG_ENDIAN
|  not big endian
| #endif
| 
|   ;
|   return 0;
| }
configure:7615: result: no
configure:7635: checking for short
configure:7659: gcc -c -g -O2  conftest.c >&5
configure:7665: $? = 0
configure:7669: test -z 
			 || test ! -s conftest.err
configure:7672: $? = 0
configure:7675: test -s conftest.o
configure:7678: $? = 0
configure:7689: result: yes
configure:7692: checking size of short
configure:8011: gcc -o conftest -g -O2   conftest.c -lcrypt  >&5
configure:8014: $? = 0
configure:8016: ./conftest
configure:8019: $? = 0
configure:8042: result: 2
configure:8049: checking for unsigned short
configure:8073: gcc -c -g -O2  conftest.c >&5
configure:8079: $? = 0
configure:8083: test -z 
			 || test ! -s conftest.err
configure:8086: $? = 0
configure:8089: test -s conftest.o
configure:8092: $? = 0
configure:8103: result: yes
configure:8106: checking size of unsigned short
configure:8425: gcc -o conftest -g -O2   conftest.c -lcrypt  >&5
configure:8428: $? = 0
configure:8430: ./conftest
configure:8433: $? = 0
configure:8456: result: 2
configure:8463: checking for int
configure:8487: gcc -c -g -O2  conftest.c >&5
configure:8493: $? = 0
configure:8497: test -z 
			 || test ! -s conftest.err
configure:8500: $? = 0
configure:8503: test -s conftest.o
configure:8506: $? = 0
configure:8517: result: yes
configure:8520: checking size of int
configure:8839: gcc -o conftest -g -O2   conftest.c -lcrypt  >&5
configure:8842: $? = 0
configure:8844: ./conftest
configure:8847: $? = 0
configure:8870: result: 4
configure:8877: checking for unsigned int
configure:8901: gcc -c -g -O2  conftest.c >&5
configure:8907: $? = 0
configure:8911: test -z 
			 || test ! -s conftest.err
configure:8914: $? = 0
configure:8917: test -s conftest.o
configure:8920: $? = 0
configure:8931: result: yes
configure:8934: checking size of unsigned int
configure:9253: gcc -o conftest -g -O2   conftest.c -lcrypt  >&5
configure:9256: $? = 0
configure:9258: ./conftest
configure:9261: $? = 0
configure:9284: result: 4
configure:9291: checking for long
configure:9315: gcc -c -g -O2  conftest.c >&5
configure:9321: $? = 0
configure:9325: test -z 
			 || test ! -s conftest.err
configure:9328: $? = 0
configure:9331: test -s conftest.o
configure:9334: $? = 0
configure:9345: result: yes
configure:9348: checking size of long
configure:9667: gcc -o conftest -g -O2   conftest.c -lcrypt  >&5
configure:9670: $? = 0
configure:9672: ./conftest
configure:9675: $? = 0
configure:9698: result: 4
configure:9705: checking for unsigned long
configure:9729: gcc -c -g -O2  conftest.c >&5
configure:9735: $? = 0
configure:9739: test -z 
			 || test ! -s conftest.err
configure:9742: $? = 0
configure:9745: test -s conftest.o
configure:9748: $? = 0
configure:9759: result: yes
configure:9762: checking size of unsigned long
configure:10081: gcc -o conftest -g -O2   conftest.c -lcrypt  >&5
configure:10084: $? = 0
configure:10086: ./conftest
configure:10089: $? = 0
configure:10112: result: 4
configure:10119: checking whether unaligned 'short' access is permitted...
configure:10145: gcc -o conftest -g -O2   conftest.c -lcrypt  >&5
configure:10148: $? = 0
configure:10150: ./conftest
configure:10153: $? = 0
configure:10167: checking whether unaligned 'int' access is permitted...
configure:10193: gcc -o conftest -g -O2   conftest.c -lcrypt  >&5
configure:10196: $? = 0
configure:10198: ./conftest
configure:10201: $? = 0
configure:10215: checking whether unaligned 'long' access is permitted...
configure:10241: gcc -o conftest -g -O2   conftest.c -lcrypt  >&5
configure:10244: $? = 0
configure:10246: ./conftest
configure:10249: $? = 0
configure:10263: checking whether unaligned 'long long' access is permitted...
configure:10289: gcc -o conftest -g -O2   conftest.c -lcrypt  >&5
configure:10292: $? = 0
configure:10294: ./conftest
configure:10297: $? = 0
configure:10312: checking for pread and pwrite...
configure:10334: gcc -o conftest -g -O2   conftest.c -lcrypt  >&5
conftest.c: In function 'main':
conftest.c:85: warning: incompatible implicit declaration of built-in function 'exit'
configure:10337: $? = 0
configure:10339: ./conftest
configure:10342: $? = 0
configure:10384: gcc -c -g -O2  conftest.c >&5
configure:10390: $? = 0
configure:10394: test -z 
			 || test ! -s conftest.err
configure:10397: $? = 0
configure:10400: test -s conftest.o
configure:10403: $? = 0
configure:10416: checking for main in -lresolv
configure:10440: gcc -o conftest -g -O2   conftest.c -lresolv  -lcrypt  >&5
configure:10446: $? = 0
configure:10450: test -z 
			 || test ! -s conftest.err
configure:10453: $? = 0
configure:10456: test -s conftest
configure:10459: $? = 0
configure:10472: result: yes
configure:10484: checking for getpwnam in -lsun
configure:10514: gcc -o conftest -g -O2   conftest.c -lsun  -lresolv -lcrypt  >&5
/usr/lib/gcc/i686-pc-linux-gnu/4.0.2/../../../../i686-pc-linux-gnu/bin/ld: cannot find -lsun
collect2: ld returned 1 exit status
configure:10520: $? = 1
configure: failed program was:
| /* confdefs.h.  */
| 
| #define PACKAGE_NAME ""
| #define PACKAGE_TARNAME ""
| #define PACKAGE_VERSION ""
| #define PACKAGE_STRING ""
| #define PACKAGE_BUGREPORT ""
| #ifdef __cplusplus
| extern "C" void std::exit (int) throw (); using std::exit;
| #endif
| #define STDC_HEADERS 1
| #define HAVE_SYS_TYPES_H 1
| #define HAVE_SYS_STAT_H 1
| #define HAVE_STDLIB_H 1
| #define HAVE_STRING_H 1
| #define HAVE_MEMORY_H 1
| #define HAVE_STRINGS_H 1
| #define HAVE_INTTYPES_H 1
| #define HAVE_STDINT_H 1
| #define HAVE_UNISTD_H 1
| #define HAVE_DIRENT_H 1
| #define STDC_HEADERS 1
| #define TIME_WITH_SYS_TIME 1
| #define HAVE_UNISTD_H 1
| #define HAVE_MEMORY_H 1
| #define HAVE_STRING_H 1
| #define HAVE_ERRNO_H 1
| #define HAVE_MALLOC_H 1
| #define HAVE_SYS_SELECT_H 1
| #define HAVE_FCNTL_H 1
| #define HAVE_LIMITS_H 1
| #define HAVE_SYS_FILE_H 1
| #define HAVE_SYS_IOCTL_H 1
| #define HAVE_SYS_TIME_H 1
| #define HAVE_SYS_STAT_H 1
| #define HAVE_FPU_CONTROL_H 1
| #define HAVE_FENV_H 1
| #define HAVE_NETINET_IN_H 1
| #define HAVE_LIBCRYPT 1
| #define HAVE_STRFTIME 1
| #define HAVE_VPRINTF 1
| #define HAVE_SETRLIMIT 1
| #define HAVE_GETRUSAGE 1
| #define HAVE_SRANDOM 1
| #define HAVE_GETDTABLESIZE 1
| #define HAVE_SOCKET 1
| #define HAVE_GETHOSTBYADDR 1
| #define HAVE_GETTIMEOFDAY 1
| #define HAVE_SELECT 1
| #define HAVE_SOCKET 1
| #define HAVE_GETPAGESIZE 1
| #define HAVE_USLEEP 1
| #define HAVE_NANOSLEEP 1
| #define HAVE_SETITIMER 1
| #define HAVE_CRYPT 1
| #define RETSIGTYPE void
| #define HAVE_STRUCT_SIGCONTEXT 1
| #define HAVE_SYS_WAIT_H 1
| #define HAVE_STRUCT_TM_TM_ZONE 1
| #define HAVE_TM_ZONE 1
| #define MALLOC_IN_STDLIB_H 1
| #define EXTENDED_STDIO_DCLS 1
| #define EXTENDED_SOCKET_DCLS 1
| #define SOCKLEN_T_DCL 1
| #define HAVE_DECL_SYS_SIGLIST 1
| #define NO_IEEE_FP_FORMAT 1
| #define NO_IEEE_FP_SNAN 1
| #define SMALLEST_INT_GTE_NEG_QUOTIENT 1
| #define WORDS_LITTLEENDIAN 1
| #define SIZEOF_SHORT 2
| #define SIZEOF_UNSIGNED_SHORT 2
| #define SIZEOF_INT 4
| #define SIZEOF_UNSIGNED_INT 4
| #define SIZEOF_LONG 4
| #define SIZEOF_UNSIGNED_LONG 4
| #define CAN_UNALIGN_SHORT 1
| #define CAN_UNALIGN_INT 1
| #define CAN_UNALIGN_LONG 1
| #define CAN_UNALIGN_LONGLONG 1
| #define HAVE_PREAD 1
| #define HAVE_PWRITE 1
| #define HAVE_LINGER 1
| #define HAVE_LIBRESOLV 1
| /* end confdefs.h.  */
| 
| /* Override any gcc2 internal prototype to avoid an error.  */
| #ifdef __cplusplus
| extern "C"
| #endif
| /* We use char because int might match the return type of a gcc2
|    builtin and then its argument prototype would still apply.  */
| char getpwnam ();
| int
| main ()
| {
| getpwnam ();
|   ;
|   return 0;
| }
configure:10546: result: no
configure:10558: checking for main in -lseq
configure:10582: gcc -o conftest -g -O2   conftest.c -lseq  -lresolv -lcrypt  >&5
/usr/lib/gcc/i686-pc-linux-gnu/4.0.2/../../../../i686-pc-linux-gnu/bin/ld: cannot find -lseq
collect2: ld returned 1 exit status
configure:10588: $? = 1
configure: failed program was:
| /* confdefs.h.  */
| 
| #define PACKAGE_NAME ""
| #define PACKAGE_TARNAME ""
| #define PACKAGE_VERSION ""
| #define PACKAGE_STRING ""
| #define PACKAGE_BUGREPORT ""
| #ifdef __cplusplus
| extern "C" void std::exit (int) throw (); using std::exit;
| #endif
| #define STDC_HEADERS 1
| #define HAVE_SYS_TYPES_H 1
| #define HAVE_SYS_STAT_H 1
| #define HAVE_STDLIB_H 1
| #define HAVE_STRING_H 1
| #define HAVE_MEMORY_H 1
| #define HAVE_STRINGS_H 1
| #define HAVE_INTTYPES_H 1
| #define HAVE_STDINT_H 1
| #define HAVE_UNISTD_H 1
| #define HAVE_DIRENT_H 1
| #define STDC_HEADERS 1
| #define TIME_WITH_SYS_TIME 1
| #define HAVE_UNISTD_H 1
| #define HAVE_MEMORY_H 1
| #define HAVE_STRING_H 1
| #define HAVE_ERRNO_H 1
| #define HAVE_MALLOC_H 1
| #define HAVE_SYS_SELECT_H 1
| #define HAVE_FCNTL_H 1
| #define HAVE_LIMITS_H 1
| #define HAVE_SYS_FILE_H 1
| #define HAVE_SYS_IOCTL_H 1
| #define HAVE_SYS_TIME_H 1
| #define HAVE_SYS_STAT_H 1
| #define HAVE_FPU_CONTROL_H 1
| #define HAVE_FENV_H 1
| #define HAVE_NETINET_IN_H 1
| #define HAVE_LIBCRYPT 1
| #define HAVE_STRFTIME 1
| #define HAVE_VPRINTF 1
| #define HAVE_SETRLIMIT 1
| #define HAVE_GETRUSAGE 1
| #define HAVE_SRANDOM 1
| #define HAVE_GETDTABLESIZE 1
| #define HAVE_SOCKET 1
| #define HAVE_GETHOSTBYADDR 1
| #define HAVE_GETTIMEOFDAY 1
| #define HAVE_SELECT 1
| #define HAVE_SOCKET 1
| #define HAVE_GETPAGESIZE 1
| #define HAVE_USLEEP 1
| #define HAVE_NANOSLEEP 1
| #define HAVE_SETITIMER 1
| #define HAVE_CRYPT 1
| #define RETSIGTYPE void
| #define HAVE_STRUCT_SIGCONTEXT 1
| #define HAVE_SYS_WAIT_H 1
| #define HAVE_STRUCT_TM_TM_ZONE 1
| #define HAVE_TM_ZONE 1
| #define MALLOC_IN_STDLIB_H 1
| #define EXTENDED_STDIO_DCLS 1
| #define EXTENDED_SOCKET_DCLS 1
| #define SOCKLEN_T_DCL 1
| #define HAVE_DECL_SYS_SIGLIST 1
| #define NO_IEEE_FP_FORMAT 1
| #define NO_IEEE_FP_SNAN 1
| #define SMALLEST_INT_GTE_NEG_QUOTIENT 1
| #define WORDS_LITTLEENDIAN 1
| #define SIZEOF_SHORT 2
| #define SIZEOF_UNSIGNED_SHORT 2
| #define SIZEOF_INT 4
| #define SIZEOF_UNSIGNED_INT 4
| #define SIZEOF_LONG 4
| #define SIZEOF_UNSIGNED_LONG 4
| #define CAN_UNALIGN_SHORT 1
| #define CAN_UNALIGN_INT 1
| #define CAN_UNALIGN_LONG 1
| #define CAN_UNALIGN_LONGLONG 1
| #define HAVE_PREAD 1
| #define HAVE_PWRITE 1
| #define HAVE_LINGER 1
| #define HAVE_LIBRESOLV 1
| /* end confdefs.h.  */
| 
| 
| int
| main ()
| {
| main ();
|   ;
|   return 0;
| }
configure:10614: result: no
configure:10626: checking for main in -lintl
configure:10650: gcc -o conftest -g -O2   conftest.c -lintl  -lresolv -lcrypt  >&5
/usr/lib/gcc/i686-pc-linux-gnu/4.0.2/../../../../i686-pc-linux-gnu/bin/ld: cannot find -lintl
collect2: ld returned 1 exit status
configure:10656: $? = 1
configure: failed program was:
| /* confdefs.h.  */
| 
| #define PACKAGE_NAME ""
| #define PACKAGE_TARNAME ""
| #define PACKAGE_VERSION ""
| #define PACKAGE_STRING ""
| #define PACKAGE_BUGREPORT ""
| #ifdef __cplusplus
| extern "C" void std::exit (int) throw (); using std::exit;
| #endif
| #define STDC_HEADERS 1
| #define HAVE_SYS_TYPES_H 1
| #define HAVE_SYS_STAT_H 1
| #define HAVE_STDLIB_H 1
| #define HAVE_STRING_H 1
| #define HAVE_MEMORY_H 1
| #define HAVE_STRINGS_H 1
| #define HAVE_INTTYPES_H 1
| #define HAVE_STDINT_H 1
| #define HAVE_UNISTD_H 1
| #define HAVE_DIRENT_H 1
| #define STDC_HEADERS 1
| #define TIME_WITH_SYS_TIME 1
| #define HAVE_UNISTD_H 1
| #define HAVE_MEMORY_H 1
| #define HAVE_STRING_H 1
| #define HAVE_ERRNO_H 1
| #define HAVE_MALLOC_H 1
| #define HAVE_SYS_SELECT_H 1
| #define HAVE_FCNTL_H 1
| #define HAVE_LIMITS_H 1
| #define HAVE_SYS_FILE_H 1
| #define HAVE_SYS_IOCTL_H 1
| #define HAVE_SYS_TIME_H 1
| #define HAVE_SYS_STAT_H 1
| #define HAVE_FPU_CONTROL_H 1
| #define HAVE_FENV_H 1
| #define HAVE_NETINET_IN_H 1
| #define HAVE_LIBCRYPT 1
| #define HAVE_STRFTIME 1
| #define HAVE_VPRINTF 1
| #define HAVE_SETRLIMIT 1
| #define HAVE_GETRUSAGE 1
| #define HAVE_SRANDOM 1
| #define HAVE_GETDTABLESIZE 1
| #define HAVE_SOCKET 1
| #define HAVE_GETHOSTBYADDR 1
| #define HAVE_GETTIMEOFDAY 1
| #define HAVE_SELECT 1
| #define HAVE_SOCKET 1
| #define HAVE_GETPAGESIZE 1
| #define HAVE_USLEEP 1
| #define HAVE_NANOSLEEP 1
| #define HAVE_SETITIMER 1
| #define HAVE_CRYPT 1
| #define RETSIGTYPE void
| #define HAVE_STRUCT_SIGCONTEXT 1
| #define HAVE_SYS_WAIT_H 1
| #define HAVE_STRUCT_TM_TM_ZONE 1
| #define HAVE_TM_ZONE 1
| #define MALLOC_IN_STDLIB_H 1
| #define EXTENDED_STDIO_DCLS 1
| #define EXTENDED_SOCKET_DCLS 1
| #define SOCKLEN_T_DCL 1
| #define HAVE_DECL_SYS_SIGLIST 1
| #define NO_IEEE_FP_FORMAT 1
| #define NO_IEEE_FP_SNAN 1
| #define SMALLEST_INT_GTE_NEG_QUOTIENT 1
| #define WORDS_LITTLEENDIAN 1
| #define SIZEOF_SHORT 2
| #define SIZEOF_UNSIGNED_SHORT 2
| #define SIZEOF_INT 4
| #define SIZEOF_UNSIGNED_INT 4
| #define SIZEOF_LONG 4
| #define SIZEOF_UNSIGNED_LONG 4
| #define CAN_UNALIGN_SHORT 1
| #define CAN_UNALIGN_INT 1
| #define CAN_UNALIGN_LONG 1
| #define CAN_UNALIGN_LONGLONG 1
| #define HAVE_PREAD 1
| #define HAVE_PWRITE 1
| #define HAVE_LINGER 1
| #define HAVE_LIBRESOLV 1
| /* end confdefs.h.  */
| 
| 
| int
| main ()
| {
| main ();
|   ;
|   return 0;
| }
configure:10682: result: no
configure:10694: checking for main in -lnsl
configure:10718: gcc -o conftest -g -O2   conftest.c -lnsl  -lresolv -lcrypt  >&5
configure:10724: $? = 0
configure:10728: test -z 
			 || test ! -s conftest.err
configure:10731: $? = 0
configure:10734: test -s conftest
configure:10737: $? = 0
configure:10750: result: yes
configure:10902: checking for main in -lm
configure:10926: gcc -o conftest -g -O2   conftest.c -lm  -lnsl -lresolv -lcrypt  >&5
configure:10932: $? = 0
configure:10936: test -z 
			 || test ! -s conftest.err
configure:10939: $? = 0
configure:10942: test -s conftest
configure:10945: $? = 0
configure:10958: result: yes
configure:10969: checking for /dev/urandom...
configure:10977: checking for in_addr_t
configure:11002: gcc -c -g -O2  conftest.c >&5
configure:11008: $? = 0
configure:11012: test -z 
			 || test ! -s conftest.err
configure:11015: $? = 0
configure:11018: test -s conftest.o
configure:11021: $? = 0
configure:11027: result: yes
configure:11134: creating ./config.status

## ---------------------- ##
## Running config.status. ##
## ---------------------- ##

This file was extended by config.status, which was
generated by GNU Autoconf 2.59.  Invocation command line was

  CONFIG_FILES    = 
  CONFIG_HEADERS  = 
  CONFIG_LINKS    = 
  CONFIG_COMMANDS = 
  $ ./config.status 

on faenix

config.status:660: creating Makefile
config.status:763: creating autoconf.h

## ---------------- ##
## Cache variables. ##
## ---------------- ##

ac_cv_build=i686-pc-linux-gnu
ac_cv_build_alias=i686-pc-linux-gnu
ac_cv_c_bigendian=no
ac_cv_c_compiler_gnu=yes
ac_cv_c_const=yes
ac_cv_c_inline=inline
ac_cv_cxx_compiler_gnu=yes
ac_cv_env_CC_set=
ac_cv_env_CC_value=
ac_cv_env_CFLAGS_set=
ac_cv_env_CFLAGS_value=
ac_cv_env_CPPFLAGS_set=
ac_cv_env_CPPFLAGS_value=
ac_cv_env_CPP_set=
ac_cv_env_CPP_value=
ac_cv_env_CXXCPP_set=
ac_cv_env_CXXCPP_value=
ac_cv_env_CXXFLAGS_set=
ac_cv_env_CXXFLAGS_value=
ac_cv_env_CXX_set=
ac_cv_env_CXX_value=
ac_cv_env_LDFLAGS_set=
ac_cv_env_LDFLAGS_value=
ac_cv_env_build_alias_set=
ac_cv_env_build_alias_value=
ac_cv_env_host_alias_set=
ac_cv_env_host_alias_value=
ac_cv_env_target_alias_set=
ac_cv_env_target_alias_value=
ac_cv_exeext=
ac_cv_func__doprnt=no
ac_cv_func_crypt=yes
ac_cv_func_getdtablesize=yes
ac_cv_func_gethostbyaddr=yes
ac_cv_func_getpagesize=yes
ac_cv_func_getrusage=yes
ac_cv_func_gettimeofday=yes
ac_cv_func_nanosleep=yes
ac_cv_func_select=yes
ac_cv_func_setitimer=yes
ac_cv_func_setrlimit=yes
ac_cv_func_socket=yes
ac_cv_func_srandom=yes
ac_cv_func_strftime=yes
ac_cv_func_usleep=yes
ac_cv_func_vprintf=yes
ac_cv_have_decl_sys_siglist=yes
ac_cv_header_dirent_dirent_h=yes
ac_cv_header_errno_h=yes
ac_cv_header_fcntl_h=yes
ac_cv_header_fenv_h=yes
ac_cv_header_fpu_control_h=yes
ac_cv_header_ieeefp_h=no
ac_cv_header_inttypes_h=yes
ac_cv_header_limits_h=yes
ac_cv_header_malloc_h=yes
ac_cv_header_memory_h=yes
ac_cv_header_minix_config_h=no
ac_cv_header_netinet_in_h=yes
ac_cv_header_stdc=yes
ac_cv_header_stdint_h=yes
ac_cv_header_stdlib_h=yes
ac_cv_header_string_h=yes
ac_cv_header_strings_h=yes
ac_cv_header_sys_file_h=yes
ac_cv_header_sys_ioctl_h=yes
ac_cv_header_sys_select_h=yes
ac_cv_header_sys_stat_h=yes
ac_cv_header_sys_time_h=yes
ac_cv_header_sys_types_h=yes
ac_cv_header_sys_wait_h=yes
ac_cv_header_time=yes
ac_cv_header_unistd_h=yes
ac_cv_host=i686-pc-linux-gnu
ac_cv_host_alias=i686-pc-linux-gnu
ac_cv_lib_crypt_main=yes
ac_cv_lib_intl_main=no
ac_cv_lib_m_main=yes
ac_cv_lib_nsl_main=yes
ac_cv_lib_resolv_main=yes
ac_cv_lib_seq_main=no
ac_cv_lib_sun_getpwnam=no
ac_cv_member_struct_tm_tm_zone=yes
ac_cv_objext=o
ac_cv_prog_CPP='gcc -E'
ac_cv_prog_CXXCPP='g++ -E'
ac_cv_prog_ac_ct_CC=gcc
ac_cv_prog_ac_ct_CXX=g++
ac_cv_prog_cc_g=yes
ac_cv_prog_cc_stdc=
ac_cv_prog_cxx_g=yes
ac_cv_prog_egrep='grep -E'
ac_cv_search_opendir='none required'
ac_cv_search_strerror='none required'
ac_cv_sizeof_int=4
ac_cv_sizeof_long=4
ac_cv_sizeof_short=2
ac_cv_sizeof_unsigned_int=4
ac_cv_sizeof_unsigned_long=4
ac_cv_sizeof_unsigned_short=2
ac_cv_struct_tm=time.h
ac_cv_type_int=yes
ac_cv_type_long=yes
ac_cv_type_off_t=yes
ac_cv_type_pid_t=yes
ac_cv_type_short=yes
ac_cv_type_signal=void
ac_cv_type_unsigned_int=yes
ac_cv_type_unsigned_long=yes
ac_cv_type_unsigned_short=yes

## ----------------- ##
## Output variables. ##
## ----------------- ##

CC='gcc'
CFLAGS='-g -O2'
CPP='gcc -E'
CPPFLAGS=''
CXX='g++'
CXXCPP='g++ -E'
CXXFLAGS='-g -O2'
DEFS='-DHAVE_CONFIG_H'
ECHO_C=''
ECHO_N='-n'
ECHO_T=''
EGREP='grep -E'
EXEEXT=''
LDFLAGS=''
LIBOBJS=''
LIBS='-lm -lnsl -lresolv -lcrypt '
LTLIBOBJS=''
MEMORY_BASED=''
OBJEXT='o'
PACKAGE_BUGREPORT=''
PACKAGE_NAME=''
PACKAGE_STRING=''
PACKAGE_TARNAME=''
PACKAGE_VERSION=''
PATH_SEPARATOR=':'
QUERY_SLAVE=''
REALITY_LVLS=''
REALITY_OBJ=''
REALITY_SRC=''
SHELL='/bin/sh'
WOD_REALMS=''
ac_ct_CC='gcc'
ac_ct_CXX='g++'
bindir='${exec_prefix}/bin'
build='i686-pc-linux-gnu'
build_alias=''
build_cpu='i686'
build_os='linux-gnu'
build_vendor='pc'
datadir='${prefix}/share'
def_force_c_compiler=''
exec_prefix='${prefix}'
host='i686-pc-linux-gnu'
host_alias=''
host_cpu='i686'
host_os='linux-gnu'
host_vendor='pc'
includedir='${prefix}/include'
infodir='${prefix}/info'
libdir='${exec_prefix}/lib'
libexecdir='${exec_prefix}/libexec'
localstatedir='${prefix}/var'
mandir='${prefix}/man'
oldincludedir='/usr/include'
prefix='/usr/local'
program_transform_name='s,x,x,'
sbindir='${exec_prefix}/sbin'
sharedstatedir='${prefix}/com'
sysconfdir='${prefix}/etc'
target_alias=''

## ----------- ##
## confdefs.h. ##
## ----------- ##

#define CAN_UNALIGN_INT 1
#define CAN_UNALIGN_LONG 1
#define CAN_UNALIGN_LONGLONG 1
#define CAN_UNALIGN_SHORT 1
#define EXTENDED_SOCKET_DCLS 1
#define EXTENDED_STDIO_DCLS 1
#define HAVE_CRYPT 1
#define HAVE_DECL_SYS_SIGLIST 1
#define HAVE_DEV_URANDOM 1
#define HAVE_DIRENT_H 1
#define HAVE_ERRNO_H 1
#define HAVE_FCNTL_H 1
#define HAVE_FENV_H 1
#define HAVE_FPU_CONTROL_H 1
#define HAVE_GETDTABLESIZE 1
#define HAVE_GETHOSTBYADDR 1
#define HAVE_GETPAGESIZE 1
#define HAVE_GETRUSAGE 1
#define HAVE_GETTIMEOFDAY 1
#define HAVE_INTTYPES_H 1
#define HAVE_IN_ADDR_T 1
#define HAVE_LIBCRYPT 1
#define HAVE_LIBM 1
#define HAVE_LIBNSL 1
#define HAVE_LIBRESOLV 1
#define HAVE_LIMITS_H 1
#define HAVE_LINGER 1
#define HAVE_MALLOC_H 1
#define HAVE_MEMORY_H 1
#define HAVE_MEMORY_H 1
#define HAVE_NANOSLEEP 1
#define HAVE_NETINET_IN_H 1
#define HAVE_PREAD 1
#define HAVE_PWRITE 1
#define HAVE_SELECT 1
#define HAVE_SETITIMER 1
#define HAVE_SETRLIMIT 1
#define HAVE_SOCKET 1
#define HAVE_SOCKET 1
#define HAVE_SRANDOM 1
#define HAVE_STDINT_H 1
#define HAVE_STDLIB_H 1
#define HAVE_STRFTIME 1
#define HAVE_STRINGS_H 1
#define HAVE_STRING_H 1
#define HAVE_STRING_H 1
#define HAVE_STRUCT_SIGCONTEXT 1
#define HAVE_STRUCT_TM_TM_ZONE 1
#define HAVE_SYS_FILE_H 1
#define HAVE_SYS_IOCTL_H 1
#define HAVE_SYS_SELECT_H 1
#define HAVE_SYS_STAT_H 1
#define HAVE_SYS_STAT_H 1
#define HAVE_SYS_TIME_H 1
#define HAVE_SYS_TYPES_H 1
#define HAVE_SYS_WAIT_H 1
#define HAVE_TM_ZONE 1
#define HAVE_UNISTD_H 1
#define HAVE_UNISTD_H 1
#define HAVE_USLEEP 1
#define HAVE_VPRINTF 1
#define MALLOC_IN_STDLIB_H 1
#define NO_IEEE_FP_FORMAT 1
#define NO_IEEE_FP_SNAN 1
#define PACKAGE_BUGREPORT ""
#define PACKAGE_NAME ""
#define PACKAGE_STRING ""
#define PACKAGE_TARNAME ""
#define PACKAGE_VERSION ""
#define RETSIGTYPE void
#define SIZEOF_INT 4
#define SIZEOF_LONG 4
#define SIZEOF_SHORT 2
#define SIZEOF_UNSIGNED_INT 4
#define SIZEOF_UNSIGNED_LONG 4
#define SIZEOF_UNSIGNED_SHORT 2
#define SMALLEST_INT_GTE_NEG_QUOTIENT 1
#define SOCKLEN_T_DCL 1
#define STDC_HEADERS 1
#define STDC_HEADERS 1
#define TIME_WITH_SYS_TIME 1
#define WORDS_LITTLEENDIAN 1
#endif
#ifdef __cplusplus
extern "C" void std::exit (int) throw (); using std::exit;

configure: exit 0
